2023-10-07 22:38:32 - [32minfo[39m: [32mA aplicação está ligada na porta: 3000[39m
2023-10-07 22:39:35 - [32minfo[39m: [32mConectou ao banco de dados![39m
2023-10-07 22:39:35 - [32minfo[39m: [32mA aplicação está ligada na porta: 3000[39m
2023-10-07 22:39:52 - [32minfo[39m: [32mConectou ao banco de dados![39m
2023-10-07 22:39:52 - [32minfo[39m: [32mA aplicação está ligada na porta: 3000[39m
2023-10-07 22:40:31 - [32minfo[39m: [32mConectou ao banco de dados![39m
2023-10-07 22:40:31 - [32minfo[39m: [32mA aplicação está ligada na porta: 3000[39m
2023-10-07 22:40:40 - [32minfo[39m: [32mConectou ao banco de dados![39m
2023-10-07 22:40:40 - [32minfo[39m: [32mA aplicação está ligada na porta: 3000[39m
2023-10-07 22:40:46 - [32minfo[39m: [32mConectou ao banco de dados![39m
2023-10-07 22:40:46 - [32minfo[39m: [32mA aplicação está ligada na porta: 3000[39m
2023-10-07 22:40:48 - [31merror[39m: [31mNão foi possível conectar ao MongoDB[39m
2023-10-07 22:41:02 - [32minfo[39m: [32mConectou ao banco de dados![39m
2023-10-07 22:41:02 - [32minfo[39m: [32mA aplicação está ligada na porta: 3000[39m
2023-10-07 23:02:00 - [32minfo[39m: [32mConectou ao banco de dados![39m
2023-10-07 23:02:00 - [32minfo[39m: [32mA aplicação está ligada na porta: 3000[39m
2023-10-07 23:06:45 - [32minfo[39m: [32mConectou ao banco de dados![39m
2023-10-07 23:06:45 - [32minfo[39m: [32mA aplicação está ligada na porta: 3000[39m
2023-10-07 23:07:40 - [32minfo[39m: [32mConectou ao banco de dados![39m
2023-10-07 23:07:40 - [32minfo[39m: [32mA aplicação está ligada na porta: 3000[39m
2023-10-07 23:08:22 - [32minfo[39m: [32mConectou ao banco de dados![39m
2023-10-07 23:08:22 - [32minfo[39m: [32mA aplicação está ligada na porta: 3000[39m
2023-10-07 23:08:24 - [35mhttp[39m: [35mGET /api/test 200 12 - 1.708 ms[39m
[35m[39m
2023-10-09 10:56:20 - [31merror[39m: [31mNão foi possível conectar ao MongoDB[39m
2023-10-09 10:57:22 - [32minfo[39m: [32mConectou ao banco de dados![39m
2023-10-09 10:57:22 - [32minfo[39m: [32mA aplicação está ligada na porta: 3000[39m
2023-10-09 11:20:00 - [32minfo[39m: [32mConectou ao banco de dados![39m
2023-10-09 11:20:00 - [32minfo[39m: [32mA aplicação está ligada na porta: 3000[39m
2023-10-09 11:21:20 - [35mhttp[39m: [35mGET /api/movie 404 148 - 2.018 ms[39m
[35m[39m
2023-10-09 11:22:02 - [35mhttp[39m: [35mPOST /api/movie 200 22 - 1.565 ms[39m
[35m[39m
2023-10-09 11:25:17 - [32minfo[39m: [32mConectou ao banco de dados![39m
2023-10-09 11:25:17 - [32minfo[39m: [32mA aplicação está ligada na porta: 3000[39m
2023-10-09 11:25:48 - [32minfo[39m: [32mConectou ao banco de dados![39m
2023-10-09 11:25:48 - [32minfo[39m: [32mA aplicação está ligada na porta: 3000[39m
2023-10-09 11:26:34 - [35mhttp[39m: [35mPOST /api/movie 201 146 - 217.830 ms[39m
[35m[39m
2023-10-09 11:37:03 - [32minfo[39m: [32mConectou ao banco de dados![39m
2023-10-09 11:37:03 - [32minfo[39m: [32mA aplicação está ligada na porta: 3000[39m
2023-10-09 11:37:08 - [32minfo[39m: [32mConectou ao banco de dados![39m
2023-10-09 11:37:08 - [32minfo[39m: [32mA aplicação está ligada na porta: 3000[39m
2023-10-09 11:38:32 - [32minfo[39m: [32mConectou ao banco de dados![39m
2023-10-09 11:38:32 - [32minfo[39m: [32mA aplicação está ligada na porta: 3000[39m
2023-10-09 11:38:58 - [35mhttp[39m: [35mPOST /api/movie 201 151 - 258.009 ms[39m
[35m[39m
2023-10-09 11:41:53 - [32minfo[39m: [32mConectou ao banco de dados![39m
2023-10-09 11:41:53 - [32minfo[39m: [32mA aplicação está ligada na porta: 3000[39m
2023-10-09 11:42:00 - [35mhttp[39m: [35mPOST /api/movie 201 153 - 245.960 ms[39m
[35m[39m
2023-10-09 11:42:06 - [32minfo[39m: [32mConectou ao banco de dados![39m
2023-10-09 11:42:06 - [32minfo[39m: [32mA aplicação está ligada na porta: 3000[39m
2023-10-09 11:42:58 - [32minfo[39m: [32mConectou ao banco de dados![39m
2023-10-09 11:42:58 - [32minfo[39m: [32mA aplicação está ligada na porta: 3000[39m
2023-10-09 11:43:08 - [35mhttp[39m: [35mPOST /api/movie 201 143 - 195.634 ms[39m
[35m[39m
2023-10-09 11:43:14 - [35mhttp[39m: [35mPOST /api/movie 422 53 - 1.168 ms[39m
[35m[39m
2023-10-09 11:44:21 - [32minfo[39m: [32mConectou ao banco de dados![39m
2023-10-09 11:44:21 - [32minfo[39m: [32mA aplicação está ligada na porta: 3000[39m
2023-10-09 11:44:29 - [35mhttp[39m: [35mPOST /api/movie 422 74 - 4.668 ms[39m
[35m[39m
2023-10-09 11:44:46 - [32minfo[39m: [32mConectou ao banco de dados![39m
2023-10-09 11:44:46 - [32minfo[39m: [32mA aplicação está ligada na porta: 3000[39m
2023-10-09 11:45:13 - [32minfo[39m: [32mConectou ao banco de dados![39m
2023-10-09 11:45:13 - [32minfo[39m: [32mA aplicação está ligada na porta: 3000[39m
2023-10-09 11:45:39 - [35mhttp[39m: [35mPOST /api/movie 422 58 - 6.269 ms[39m
[35m[39m
2023-10-09 11:45:51 - [35mhttp[39m: [35mPOST /api/movie 201 172 - 188.808 ms[39m
[35m[39m
2023-10-09 11:45:59 - [35mhttp[39m: [35mPOST /api/movie 201 171 - 250.540 ms[39m
[35m[39m
2023-10-09 11:46:55 - [32minfo[39m: [32mConectou ao banco de dados![39m
2023-10-09 11:46:55 - [32minfo[39m: [32mA aplicação está ligada na porta: 3000[39m
2023-10-09 11:47:02 - [32minfo[39m: [32mConectou ao banco de dados![39m
2023-10-09 11:47:02 - [32minfo[39m: [32mA aplicação está ligada na porta: 3000[39m
2023-10-09 11:47:06 - [35mhttp[39m: [35mPOST /api/movie 422 59 - 4.988 ms[39m
[35m[39m
2023-10-09 11:47:13 - [35mhttp[39m: [35mPOST /api/movie 201 172 - 246.524 ms[39m
[35m[39m
2023-10-09 11:47:18 - [35mhttp[39m: [35mPOST /api/movie 201 172 - 215.061 ms[39m
[35m[39m
2023-10-09 11:48:46 - [32minfo[39m: [32mConectou ao banco de dados![39m
2023-10-09 11:48:46 - [32minfo[39m: [32mA aplicação está ligada na porta: 3000[39m
2023-10-09 11:48:51 - [35mhttp[39m: [35mPOST /api/movie 422 57 - 5.095 ms[39m
[35m[39m
2023-10-09 11:49:03 - [35mhttp[39m: [35mPOST /api/movie 201 218 - 217.403 ms[39m
[35m[39m
2023-10-09 11:49:39 - [35mhttp[39m: [35mPOST /api/movie 201 218 - 212.930 ms[39m
[35m[39m
2023-10-09 11:49:44 - [35mhttp[39m: [35mPOST /api/movie 422 62 - 5.432 ms[39m
[35m[39m
2023-10-09 11:49:44 - [32minfo[39m: [32mConectou ao banco de dados![39m
2023-10-09 11:49:44 - [32minfo[39m: [32mA aplicação está ligada na porta: 3000[39m
2023-10-09 11:50:06 - [35mhttp[39m: [35mPOST /api/movie 201 241 - 283.248 ms[39m
[35m[39m
2023-10-09 11:50:43 - [32minfo[39m: [32mConectou ao banco de dados![39m
2023-10-09 11:50:43 - [32minfo[39m: [32mA aplicação está ligada na porta: 3000[39m
2023-10-09 11:50:44 - [35mhttp[39m: [35mPOST /api/movie 422 58 - 9.749 ms[39m
[35m[39m
2023-10-09 11:50:52 - [35mhttp[39m: [35mPOST /api/movie 422 57 - 5.266 ms[39m
[35m[39m
2023-10-09 11:50:53 - [32minfo[39m: [32mConectou ao banco de dados![39m
2023-10-09 11:50:53 - [32minfo[39m: [32mA aplicação está ligada na porta: 3000[39m
2023-10-09 11:51:35 - [35mhttp[39m: [35mPOST /api/movie 201 372 - 261.805 ms[39m
[35m[39m
2023-10-09 11:51:54 - [35mhttp[39m: [35mPOST /api/movie 201 398 - 195.146 ms[39m
[35m[39m
2023-10-09 11:52:03 - [35mhttp[39m: [35mPOST /api/movie 422 57 - 0.689 ms[39m
[35m[39m
2023-10-09 11:52:23 - [35mhttp[39m: [35mPOST /api/movie 201 398 - 254.457 ms[39m
[35m[39m
2023-10-09 11:54:34 - [32minfo[39m: [32mConectou ao banco de dados![39m
2023-10-09 11:54:34 - [32minfo[39m: [32mA aplicação está ligada na porta: 3000[39m
2023-10-09 11:54:46 - [32minfo[39m: [32mConectou ao banco de dados![39m
2023-10-09 11:54:46 - [32minfo[39m: [32mA aplicação está ligada na porta: 3000[39m
2023-10-09 11:54:51 - [32minfo[39m: [32mConectou ao banco de dados![39m
2023-10-09 11:54:51 - [32minfo[39m: [32mA aplicação está ligada na porta: 3000[39m
2023-10-09 11:55:07 - [32minfo[39m: [32mConectou ao banco de dados![39m
2023-10-09 11:55:07 - [32minfo[39m: [32mA aplicação está ligada na porta: 3000[39m
2023-10-09 11:56:21 - [32minfo[39m: [32mConectou ao banco de dados![39m
2023-10-09 11:56:21 - [32minfo[39m: [32mA aplicação está ligada na porta: 3000[39m
2023-10-09 11:56:52 - [32minfo[39m: [32mConectou ao banco de dados![39m
2023-10-09 11:56:52 - [32minfo[39m: [32mA aplicação está ligada na porta: 3000[39m
2023-10-09 11:58:19 - [35mhttp[39m: [35mGET /api/movie/652413a6fce72782c8b6a8bc - - - - ms[39m
[35m[39m
2023-10-09 11:58:22 - [31merror[39m: [31mErro no sistema: Cast to ObjectId failed for value "652413a6fce72782c8b6a8bw" (type string) at path "_id" for model "Movie"[39m
2023-10-09 11:58:25 - [35mhttp[39m: [35mGET /api/movie/652413a6fce72782c8b6a8bw - - - - ms[39m
[35m[39m
2023-10-09 11:58:33 - [31merror[39m: [31mErro no sistema: Cast to ObjectId failed for value "652413a6fce72782c8b6a8bw" (type string) at path "_id" for model "Movie"[39m
2023-10-09 11:58:57 - [35mhttp[39m: [35mGET /api/movie/652413a6fce72782c8b6a8bw - - - - ms[39m
[35m[39m
2023-10-09 11:59:09 - [35mhttp[39m: [35mGET /api/movie/652413a6fce72782c8b6a8bc - - - - ms[39m
[35m[39m
2023-10-09 11:59:46 - [35mhttp[39m: [35mGET /api/movie/652413a6fce72782c8b6a8bc - - - - ms[39m
[35m[39m
2023-10-09 12:00:12 - [31merror[39m: [31mErro no sistema: Cast to ObjectId failed for value "652413a6fce72782c8b6a8bc2313" (type string) at path "_id" for model "Movie"[39m
2023-10-09 12:00:20 - [35mhttp[39m: [35mGET /api/movie/652413a6fce72782c8b6a8bc2313 - - - - ms[39m
[35m[39m
2023-10-09 12:01:17 - [31merror[39m: [31mErro no sistema: Cast to ObjectId failed for value "652413a6fce72782c8b6a8bc2313" (type string) at path "_id" for model "Movie"[39m
2023-10-09 12:01:17 - [35mhttp[39m: [35mGET /api/movie/652413a6fce72782c8b6a8bc2313 404 34 - 7.659 ms[39m
[35m[39m
2023-10-09 12:01:18 - [32minfo[39m: [32mConectou ao banco de dados![39m
2023-10-09 12:01:18 - [32minfo[39m: [32mA aplicação está ligada na porta: 3000[39m
2023-10-09 12:02:02 - [32minfo[39m: [32mConectou ao banco de dados![39m
2023-10-09 12:02:02 - [32minfo[39m: [32mA aplicação está ligada na porta: 3000[39m
2023-10-09 12:02:03 - [31merror[39m: [31mErro no sistema: Cast to ObjectId failed for value "652413a6fce72782c8b6a8bc2313" (type string) at path "_id" for model "Movie"[39m
2023-10-09 12:02:03 - [35mhttp[39m: [35mGET /api/movie/652413a6fce72782c8b6a8bc2313 404 34 - 7.833 ms[39m
[35m[39m
2023-10-09 12:02:13 - [35mhttp[39m: [35mGET /api/movie/652413a6fce72782c8b6a8bc 200 398 - 177.911 ms[39m
[35m[39m
2023-10-09 12:03:07 - [32minfo[39m: [32mConectou ao banco de dados![39m
2023-10-09 12:03:07 - [32minfo[39m: [32mA aplicação está ligada na porta: 3000[39m
2023-10-09 12:03:37 - [32minfo[39m: [32mConectou ao banco de dados![39m
2023-10-09 12:03:37 - [32minfo[39m: [32mA aplicação está ligada na porta: 3000[39m
2023-10-09 12:03:56 - [32minfo[39m: [32mConectou ao banco de dados![39m
2023-10-09 12:03:56 - [32minfo[39m: [32mA aplicação está ligada na porta: 3000[39m
2023-10-09 12:04:15 - [32minfo[39m: [32mConectou ao banco de dados![39m
2023-10-09 12:04:15 - [32minfo[39m: [32mA aplicação está ligada na porta: 3000[39m
2023-10-09 12:04:18 - [31merror[39m: [31mErro no sistema: Cast to ObjectId failed for value "all" (type string) at path "_id" for model "Movie"[39m
2023-10-09 12:04:18 - [35mhttp[39m: [35mGET /api/movie/all 404 34 - 18.076 ms[39m
[35m[39m
2023-10-09 12:04:31 - [31merror[39m: [31mErro no sistema: Cast to ObjectId failed for value "all" (type string) at path "_id" for model "Movie"[39m
2023-10-09 12:04:31 - [35mhttp[39m: [35mGET /api/movie/all 404 34 - 1.870 ms[39m
[35m[39m
2023-10-09 12:05:34 - [32minfo[39m: [32mConectou ao banco de dados![39m
2023-10-09 12:05:34 - [32minfo[39m: [32mA aplicação está ligada na porta: 3000[39m
2023-10-09 12:05:37 - [35mhttp[39m: [35mGET /api/movie 200 3140 - 378.642 ms[39m
[35m[39m
2023-10-09 12:08:40 - [32minfo[39m: [32mConectou ao banco de dados![39m
2023-10-09 12:08:40 - [32minfo[39m: [32mA aplicação está ligada na porta: 3000[39m
2023-10-09 12:09:35 - [32minfo[39m: [32mConectou ao banco de dados![39m
2023-10-09 12:09:35 - [32minfo[39m: [32mA aplicação está ligada na porta: 3000[39m
2023-10-09 12:10:22 - [32minfo[39m: [32mConectou ao banco de dados![39m
2023-10-09 12:10:22 - [32minfo[39m: [32mA aplicação está ligada na porta: 3000[39m
2023-10-09 12:10:50 - [31merror[39m: [31mErro no sistema: Cast to ObjectId failed for value "65240d99af01c363225eb2d9123" (type string) at path "_id" for model "Movie"[39m
2023-10-09 12:10:50 - [35mhttp[39m: [35mDELETE /api/movie/65240d99af01c363225eb2d9123 500 50 - 7.059 ms[39m
[35m[39m
2023-10-09 12:11:28 - [32minfo[39m: [32mConectou ao banco de dados![39m
2023-10-09 12:11:28 - [32minfo[39m: [32mA aplicação está ligada na porta: 3000[39m
2023-10-09 12:12:11 - [31merror[39m: [31mErro no sistema: Cast to ObjectId failed for value "65240d99af01c363225eb2d9123" (type string) at path "_id" for model "Movie"[39m
2023-10-09 12:12:11 - [35mhttp[39m: [35mDELETE /api/movie/65240d99af01c363225eb2d9123 404 32 - 9.914 ms[39m
[35m[39m
2023-10-09 12:12:12 - [32minfo[39m: [32mConectou ao banco de dados![39m
2023-10-09 12:12:12 - [32minfo[39m: [32mA aplicação está ligada na porta: 3000[39m
2023-10-09 12:12:33 - [35mhttp[39m: [35mDELETE /api/movie/65240d99af01c363225eb2d9 - - - - ms[39m
[35m[39m
2023-10-09 12:13:50 - [32minfo[39m: [32mConectou ao banco de dados![39m
2023-10-09 12:13:50 - [32minfo[39m: [32mA aplicação está ligada na porta: 3000[39m
2023-10-09 12:13:51 - [31merror[39m: [31mErro no sistema: movie.delete is not a function[39m
2023-10-09 12:13:51 - [35mhttp[39m: [35mDELETE /api/movie/65240d99af01c363225eb2d9 404 32 - 655.440 ms[39m
[35m[39m
2023-10-09 12:14:18 - [31merror[39m: [31mErro no sistema: movie.delete is not a function[39m
2023-10-09 12:14:18 - [35mhttp[39m: [35mDELETE /api/movie/65240d99af01c363225eb2d9 404 32 - 251.485 ms[39m
[35m[39m
2023-10-09 12:14:24 - [32minfo[39m: [32mConectou ao banco de dados![39m
2023-10-09 12:14:24 - [32minfo[39m: [32mA aplicação está ligada na porta: 3000[39m
2023-10-09 12:17:26 - [32minfo[39m: [32mConectou ao banco de dados![39m
2023-10-09 12:17:26 - [32minfo[39m: [32mA aplicação está ligada na porta: 3000[39m
2023-10-09 12:18:22 - [32minfo[39m: [32mConectou ao banco de dados![39m
2023-10-09 12:18:22 - [32minfo[39m: [32mA aplicação está ligada na porta: 3000[39m
2023-10-09 12:18:44 - [32minfo[39m: [32mConectou ao banco de dados![39m
2023-10-09 12:18:44 - [32minfo[39m: [32mA aplicação está ligada na porta: 3000[39m
2023-10-09 12:18:45 - [35mhttp[39m: [35mDELETE /api/movie/65240d99af01c363225eb2d9 200 37 - 458.869 ms[39m
[35m[39m
2023-10-09 12:19:15 - [32minfo[39m: [32mConectou ao banco de dados![39m
2023-10-09 12:19:15 - [32minfo[39m: [32mA aplicação está ligada na porta: 3000[39m
2023-10-09 12:21:45 - [32minfo[39m: [32mConectou ao banco de dados![39m
2023-10-09 12:21:45 - [32minfo[39m: [32mA aplicação está ligada na porta: 3000[39m
2023-10-09 12:22:35 - [32minfo[39m: [32mConectou ao banco de dados![39m
2023-10-09 12:22:35 - [32minfo[39m: [32mA aplicação está ligada na porta: 3000[39m
2023-10-09 12:23:52 - [32minfo[39m: [32mConectou ao banco de dados![39m
2023-10-09 12:23:52 - [32minfo[39m: [32mA aplicação está ligada na porta: 3000[39m
2023-10-09 12:24:11 - [32minfo[39m: [32mConectou ao banco de dados![39m
2023-10-09 12:24:11 - [32minfo[39m: [32mA aplicação está ligada na porta: 3000[39m
2023-10-09 12:25:34 - [35mhttp[39m: [35mPATCH /api/movie/652413a6fce72782c8b6a8bc 200 39 - 1279.280 ms[39m
[35m[39m
2023-10-09 12:26:39 - [32minfo[39m: [32mConectou ao banco de dados![39m
2023-10-09 12:26:39 - [32minfo[39m: [32mA aplicação está ligada na porta: 3000[39m
2023-10-09 12:26:53 - [35mhttp[39m: [35mPATCH /api/movie/652413a6fce72782c8b6a8bc 422 306 - 5.126 ms[39m
[35m[39m
2023-10-09 12:29:38 - [35mhttp[39m: [35mPATCH /api/movie/652413a6fce72782c8b6a8bc 422 201 - 1.580 ms[39m
[35m[39m
2023-10-09 22:34:20 - [32minfo[39m: [32mConectou ao banco de dados![39m
2023-10-09 22:34:20 - [32minfo[39m: [32mA aplicação está ligada na porta: 3000[39m
